| (command line, 1): assertion failed on 'result' XXXXXXXX (lhlhlhlh)
| (command line, 1): assertion failed on 'result' XXXXXXXX (00000000)
| (command line, 1): assertion failed on 'result' XXXXXXXX (llllhllh)
| (command line, 1): assertion failed on 'result' XXXXXXXX (hhhhhhhh)
| (command line, 1): assertion failed on 'result' XXXXXXXX (01010111)
| (command line, 1): assertion failed on 'result' XXXXXXXX (hhllhhhh)
| (command line, 1): assertion failed on 'result' XXXXXXXX (00110000)
| (command line, 1): assertion failed on 'result' XXXXXXXX (10101000)
| (command line, 1): assertion failed on 'result' XXXXXXXX (00000000)
| (command line, 1): assertion failed on 'result' XXXXXXXX (hlhlhlhl)
| (command line, 1): assertion failed on 'result' XXXXXXXX (10100101)
| (command line, 1): assertion failed on 'result' XXXXXXXX (llllhhhh)
| (command line, 1): assertion failed on 'result' XXXXXXXX (11101111)
| (command line, 1): assertion failed on 'result' XXXXXXXX (01110010)
| (command line, 1): assertion failed on 'result' XXXXXXXX (10001001)
| (command line, 1): assertion failed on 'result' XXXXXXXX (01110101)
| (command line, 1): assertion failed on 'result' XXXXXXXX (00000101)
| (command line, 1): assertion failed on 'result' XXXXXXXX (01101110)
| (command line, 1): assertion failed on 'result' XXXXXXXX (00000000)
| (command line, 1): assertion failed on 'result' XXXXXXXX (00000000)
| (command line, 1): assertion failed on 'result' XXXXXXXX (00000001)
| (command line, 1): assertion failed on 'result' XXXXXXXX (00000001)
| (command line, 1): assertion failed on 'result' XXXXXXXX (llllllll)
| (command line, 1): assertion failed on 'result' XXXXXXXX (00000001)
| (command line, 1): assertion failed on 'result' XXXXXXXX (00000001)
| (command line, 1): assertion failed on 'result' XXXXXXXX (llllllll)
| (command line, 1): assertion failed on 'result' XXXXXXXX (llllllll)
