### Custom WaveView ADV log file, revision L-2016.06-SP2 (build Nov 14, ) ###
### created at 12:43:30 on Tue Feb 28 2017 (Linux AMD64) ###
### Host Name: localhost.localdomain   User ID: hany   PID: 3639   ###
wv_start_log
# (0) running in waveview only mode
# (0) SW_SX_PERL_LIB defined
# (0) SW_SX_TCL_LIB defined
# (0) HOME defined
wv_move_window CustomWaveView 0 0
wv_resize_window CustomWaveView 800 400
wv_move_window CustomWaveView 557 315
wv_move_window CustomWaveView 331 86
wv_resize_window CustomWaveView 900 550
sx_open_sim_file_read {vcdplus.vpd}
wv_select_tree_item MainWindow.hierview {D0:vcdplus.vpd}
wv_select_tree_item MainWindow.hierview {D0:vcdplus.vpd}
wv_dclick_tree_item MainWindow.hierview {D0:vcdplus.vpd}
wv_select_tree_item MainWindow.hierview {D0:vcdplus.vpd}
wv_select_tree_item MainWindow.hierview {D0:vcdplus.vpd}
wv_dclick_tree_item MainWindow.hierview {D0:vcdplus.vpd}
wv_select_tree_item MainWindow.hierview {D0:vcdplus.vpd}
wv_dclick_tree_item MainWindow.hierview {D0:vcdplus.vpd}
wv_select_tree_item MainWindow.hierview {D0:vcdplus.vpd}
wv_select_tree_item MainWindow.hierview {D0:vcdplus.vpd/decoder_bench}
wv_dclick_tree_item MainWindow.hierview {D0:vcdplus.vpd/decoder_bench}
wv_select_tree_item MainWindow.hierview {D0:vcdplus.vpd/decoder_bench}
wv_select_tree_item MainWindow.hierview {D0:vcdplus.vpd/decoder_bench/DUV}
wv_dclick_tree_item MainWindow.hierview {D0:vcdplus.vpd/decoder_bench/DUV}
wv_select_tree_item MainWindow.hierview {D0:vcdplus.vpd/decoder_bench}
wv_select_tree_item MainWindow.hierview {D0:vcdplus.vpd}
wv_select_tree_item MainWindow.hierview {D0:vcdplus.vpd}
wv_dclick_tree_item MainWindow.hierview {D0:vcdplus.vpd}
wv_move_window CustomWaveView 322 86
wv_move_window CustomWaveView 318 87
wv_move_window CustomWaveView 307 89
wv_move_window CustomWaveView 293 89
wv_move_window CustomWaveView 276 91
wv_move_window CustomWaveView 255 91
wv_move_window CustomWaveView 232 91
wv_move_window CustomWaveView 209 91
wv_move_window CustomWaveView 182 91
wv_move_window CustomWaveView 157 91
wv_move_window CustomWaveView 132 91
wv_move_window CustomWaveView 107 91
wv_move_window CustomWaveView 86 91
wv_move_window CustomWaveView 65 91
wv_move_window CustomWaveView 44 93
wv_move_window CustomWaveView 27 95
wv_move_window CustomWaveView 12 97
wv_move_window CustomWaveView 0 97
wv_move_window CustomWaveView 0 100
wv_move_window CustomWaveView -19 100
wv_move_window CustomWaveView -26 102
wv_move_window CustomWaveView -30 102
wv_move_window CustomWaveView -34 105
wv_move_window CustomWaveView -38 107
wv_move_window CustomWaveView -39 108
wv_move_window CustomWaveView -29 112
wv_move_window CustomWaveView -24 114
wv_move_window CustomWaveView -15 117
wv_move_window CustomWaveView 0 121
wv_move_window CustomWaveView 28 126
wv_move_window CustomWaveView 57 128
wv_move_window CustomWaveView 86 133
wv_move_window CustomWaveView 115 138
wv_move_window CustomWaveView 148 145
wv_move_window CustomWaveView 181 152
wv_move_window CustomWaveView 214 157
wv_move_window CustomWaveView 253 162
wv_move_window CustomWaveView 292 167
wv_move_window CustomWaveView 331 172
wv_move_window CustomWaveView 368 177
wv_move_window CustomWaveView 401 182
wv_move_window CustomWaveView 428 184
wv_move_window CustomWaveView 451 184
wv_move_window CustomWaveView 466 184
wv_move_window CustomWaveView 477 184
wv_move_window CustomWaveView 482 186
wv_move_window CustomWaveView 483 186
wv_move_window CustomWaveView 485 187
wv_move_window CustomWaveView 486 188
wv_move_window CustomWaveView 486 189
wv_move_window CustomWaveView 486 192
wv_move_window CustomWaveView 487 194
wv_move_window CustomWaveView 487 197
wv_move_window CustomWaveView 489 199
wv_move_window CustomWaveView 490 202
wv_move_window CustomWaveView 491 206
wv_move_window CustomWaveView 493 210
wv_move_window CustomWaveView 494 212
wv_move_window CustomWaveView 495 213
wv_move_window CustomWaveView 497 215
wv_move_window CustomWaveView 499 218
wv_move_window CustomWaveView 502 220
wv_move_window CustomWaveView 505 223
wv_move_window CustomWaveView 508 226
wv_move_window CustomWaveView 510 227
wv_move_window CustomWaveView 512 228
wv_move_window CustomWaveView 514 230
wv_move_window CustomWaveView 516 231
wv_move_window CustomWaveView 518 232
wv_move_window CustomWaveView 519 232
wv_move_window CustomWaveView 520 233
wv_move_window CustomWaveView 520 234
wv_move_window CustomWaveView 521 235
wv_move_window CustomWaveView 521 236
wv_move_window CustomWaveView 521 237
wv_move_window CustomWaveView 521 239
wv_move_window CustomWaveView 521 240
wv_move_window CustomWaveView 521 241
wv_move_window CustomWaveView 522 242
wv_move_window CustomWaveView 522 244
wv_move_window CustomWaveView 522 245
wv_move_window CustomWaveView 522 246
wv_move_window CustomWaveView 523 247
wv_tree_context_menu MainWindow.hierview {D0:vcdplus.vpd}
wv_expand_tree_item MainWindow.hierview {D0:vcdplus.vpd}
wv_select_tree_item MainWindow.hierview {D0:vcdplus.vpd}
wv_collapse_tree_item MainWindow.hierview {D0:vcdplus.vpd/decoder_bench}
wv_expand_tree_item MainWindow.hierview {D0:vcdplus.vpd/decoder_bench}
wv_select_tree_item MainWindow.hierview {D0:vcdplus.vpd/decoder_bench}
wv_select_tree_item MainWindow.hierview {D0:vcdplus.vpd/decoder_bench/DUV}
wv_select_list_item MainWindow.sigview {a[1:0]}
wv_shift_select_list_item MainWindow.sigview y3
wv_drag_list_item MainWindow.sigview y3
wv_drag_enter WV1
wv_drop_on WV1
wv_move_window CustomWaveView -3 31
wv_resize_window CustomWaveView 1920 971
wv_release_wv_item WV1 143 254
wv_select_wv_item WV1.LEGEND.WIDTH
wv_drag_item_to WV1 82 266
wv_move_wv_item WV1.PANEL1:1.LEGEND.WIDTH 123
wv_select_wv_item WV1.LEGEND.WIDTH
wv_drag_item_to WV1 125 280
wv_move_wv_item WV1.PANEL1:1.LEGEND.WIDTH 251
wv_select_panel WV1.PANEL1:1 5.97624e-09 -inf
wv_close_window CustomWaveView
wv_move_dialog Confirmation 866 464
wv_select_dialog Confirmation
wv_move_dialog Confirmation 869 498
# wv_press_button Confirmation.Ok
